<?xml version="1.0" encoding="UTF-8"?>
<!-- Generated by org.testng.reporters.JUnitReportReporter -->
<testsuite hostname="LTIN234790" failures="0" tests="8" name="testCases.Main" time="153.454" errors="0" timestamp="2024-06-03T13:37:02 IST" skipped="0">
  <testcase classname="testCases.Main" name="testUserInfo" time="22.444"/>
  <testcase classname="testCases.Main" name="testHeaderList" time="123.671"/>
  <testcase classname="testCases.Main" name="testEthicsAndComplianceVisibility" time="2.377"/>
  <testcase classname="testCases.Main" name="testnavigation" time="1.243"/>
  <testcase classname="testCases.Main" name="testResourcesOrLinkValidity" time="2.816"/>
  <testcase classname="testCases.Main" name="testprintInformation" time="0.658"/>
  <testcase classname="testCases.Main" name="testPageInformationValidity" time="0.065"/>
  <testcase classname="testCases.Main" name="testPagetInformation" time="0.180"/>
</testsuite> <!-- testCases.Main -->
